<?xml version="1.0" encoding="UTF-8"?>
<coverage generated="1542897633639" clover="3.2.0">
  <project timestamp="1542897633639" name="All files">
    <metrics statements="11" coveredstatements="11" conditionals="12" coveredconditionals="12" methods="1" coveredmethods="1" elements="24" coveredelements="24" complexity="0" loc="11" ncloc="11" packages="1" files="1" classes="1">
      <file name="index.js" path="/home/golim/Documenti/IngegneriaDelSoftware2/testing/esercizi/invert/index.js">
        <metrics statements="11" coveredstatements="11" conditionals="12" coveredconditionals="12" methods="1" coveredmethods="1"/>
        <line num="2" count="10" type="cond" truecount="2" falsecount="0"/>
        <line num="3" count="1" type="stmt"/>
        <line num="6" count="9" type="cond" truecount="2" falsecount="0"/>
        <line num="7" count="3" type="stmt"/>
        <line num="10" count="6" type="stmt"/>
        <line num="11" count="12" type="cond" truecount="4" falsecount="0"/>
        <line num="12" count="2" type="stmt"/>
        <line num="16" count="4" type="cond" truecount="4" falsecount="0"/>
        <line num="17" count="2" type="stmt"/>
        <line num="20" count="2" type="stmt"/>
        <line num="23" count="1" type="stmt"/>
      </file>
    </metrics>
  </project>
</coverage>
